# JRE version: OpenJDK Runtime Environment (21.0.5) (build 21.0.5+-13047016-b750.29)
# Java VM: OpenJDK 64-Bit Server VM (21.0.5+-13047016-b750.29, mixed mode, tiered, compressed oops, compressed class ptrs, g1 gc, windows-amd64)
GC Precious Log:
 CardTable entry size: 512
 Card Set container configuration: InlinePtr #cards 5 size 8 Array Of Cards #cards 12 size 40 Howl #buckets 4 coarsen threshold 1843 Howl Bitmap #cards 512 size 80 coarsen threshold 460 Card regions per heap region 1 cards per card region 2048
 CPUs: 8 total, 8 available
 Memory: 8051M
 Large Page Support: Disabled
 NUMA Support: Disabled
 Compressed Oops: Enabled (32-bit)
 Heap Region Size: 1M
 Heap Min Capacity: 256M
 Heap Initial Capacity: 256M
 Heap Max Capacity: 512M
 Pre-touch: Disabled
 Parallel Workers: 8
 Concurrent Workers: 2
 Concurrent Refinement Workers: 8
 Periodic GC: Disabled
Heap:
 garbage-first heap   total 262144K, used 36651K [0x00000000e0000000, 0x0000000100000000)
  region size 1024K, 20 young (20480K), 9 survivors (9216K)
 Metaspace       used 37177K, committed 38144K, reserved 393216K
  class space    used 5037K, committed 5504K, reserved 327680K
GC Heap History (14 events):
Event: 0.575 GC heap before
{Heap before GC invocations=0 (full 0):
 garbage-first heap   total 262144K, used 22528K [0x00000000e0000000, 0x0000000100000000)
  region size 1024K, 23 young (23552K), 0 survivors (0K)
 Metaspace       used 7873K, committed 8000K, reserved 393216K
  class space    used 696K, committed 768K, reserved 327680K
}
Event: 0.577 GC heap after
{Heap after GC invocations=1 (full 0):
 garbage-first heap   total 262144K, used 3338K [0x00000000e0000000, 0x0000000100000000)
  region size 1024K, 3 young (3072K), 3 survivors (3072K)
 Metaspace       used 7873K, committed 8000K, reserved 393216K
  class space    used 696K, committed 768K, reserved 327680K
}
Event: 1.010 GC heap before
{Heap before GC invocations=1 (full 0):
 garbage-first heap   total 262144K, used 40202K [0x00000000e0000000, 0x0000000100000000)
  region size 1024K, 37 young (37888K), 3 survivors (3072K)
 Metaspace       used 12058K, committed 12288K, reserved 393216K
  class space    used 1264K, committed 1344K, reserved 327680K
}
Event: 1.014 GC heap after
{Heap after GC invocations=2 (full 0):
 garbage-first heap   total 262144K, used 11495K [0x00000000e0000000, 0x0000000100000000)
  region size 1024K, 5 young (5120K), 5 survivors (5120K)
 Metaspace       used 12058K, committed 12288K, reserved 393216K
  class space    used 1264K, committed 1344K, reserved 327680K
}
Event: 1.436 GC heap before
{Heap before GC invocations=2 (full 0):
 garbage-first heap   total 262144K, used 61671K [0x00000000e0000000, 0x0000000100000000)
  region size 1024K, 52 young (53248K), 5 survivors (5120K)
 Metaspace       used 13931K, committed 14144K, reserved 393216K
  class space    used 1529K, committed 1600K, reserved 327680K
}
Event: 1.440 GC heap after
{Heap after GC invocations=3 (full 0):
 garbage-first heap   total 262144K, used 17926K [0x00000000e0000000, 0x0000000100000000)
  region size 1024K, 6 young (6144K), 6 survivors (6144K)
 Metaspace       used 13931K, committed 14144K, reserved 393216K
  class space    used 1529K, committed 1600K, reserved 327680K
}
Event: 1.896 GC heap before
{Heap before GC invocations=3 (full 0):
 garbage-first heap   total 262144K, used 42502K [0x00000000e0000000, 0x0000000100000000)
  region size 1024K, 31 young (31744K), 6 survivors (6144K)
 Metaspace       used 21175K, committed 21504K, reserved 393216K
  class space    used 2431K, committed 2624K, reserved 327680K
}
Event: 1.901 GC heap after
{Heap after GC invocations=4 (full 0):
 garbage-first heap   total 262144K, used 21033K [0x00000000e0000000, 0x0000000100000000)
  region size 1024K, 9 young (9216K), 9 survivors (9216K)
 Metaspace       used 21175K, committed 21504K, reserved 393216K
  class space    used 2431K, committed 2624K, reserved 327680K
}
Event: 3.336 GC heap before
{Heap before GC invocations=5 (full 0):
 garbage-first heap   total 262144K, used 114217K [0x00000000e0000000, 0x0000000100000000)
  region size 1024K, 102 young (104448K), 9 survivors (9216K)
 Metaspace       used 35217K, committed 36096K, reserved 393216K
  class space    used 4716K, committed 5184K, reserved 327680K
}
Event: 3.344 GC heap after
{Heap after GC invocations=6 (full 0):
 garbage-first heap   total 262144K, used 27151K [0x00000000e0000000, 0x0000000100000000)
  region size 1024K, 15 young (15360K), 15 survivors (15360K)
 Metaspace       used 35217K, committed 36096K, reserved 393216K
  class space    used 4716K, committed 5184K, reserved 327680K
}
Event: 3.374 GC heap before
{Heap before GC invocations=6 (full 0):
 garbage-first heap   total 262144K, used 31247K [0x00000000e0000000, 0x0000000100000000)
  region size 1024K, 20 young (20480K), 15 survivors (15360K)
 Metaspace       used 35573K, committed 36416K, reserved 393216K
  class space    used 4773K, committed 5184K, reserved 327680K
}
Event: 3.380 GC heap after
{Heap after GC invocations=7 (full 0):
 garbage-first heap   total 262144K, used 26393K [0x00000000e0000000, 0x0000000100000000)
  region size 1024K, 9 young (9216K), 9 survivors (9216K)
 Metaspace       used 35573K, committed 36416K, reserved 393216K
  class space    used 4773K, committed 5184K, reserved 327680K
}
Event: 3.413 GC heap before
{Heap before GC invocations=7 (full 0):
 garbage-first heap   total 262144K, used 29465K [0x00000000e0000000, 0x0000000100000000)
  region size 1024K, 13 young (13312K), 9 survivors (9216K)
 Metaspace       used 35909K, committed 36736K, reserved 393216K
  class space    used 4827K, committed 5248K, reserved 327680K
}
Event: 3.419 GC heap after
{Heap after GC invocations=8 (full 0):
 garbage-first heap   total 262144K, used 26411K [0x00000000e0000000, 0x0000000100000000)
  region size 1024K, 9 young (9216K), 9 survivors (9216K)
 Metaspace       used 35909K, committed 36736K, reserved 393216K
  class space    used 4827K, committed 5248K, reserved 327680K
}

